<?xml version="1.0" encoding="UTF-8"?>
<testng-results ignored="0" total="1" passed="1" failed="0" skipped="0">
  <reporter-output>
  </reporter-output>
  <suite started-at="2024-02-05T16:39:40 IST" name="Default suite" finished-at="2024-02-05T16:39:42 IST" duration-ms="2475">
    <groups>
    </groups>
    <test started-at="2024-02-05T16:39:40 IST" name="Default test" finished-at="2024-02-05T16:39:42 IST" duration-ms="2475">
      <class name="webautomation.testng.AddToItemTest">
        <test-method is-config="true" signature="setUp()[pri:0, instance:webautomation.testng.AddToItemTest@498d318c]" started-at="2024-02-05T16:39:40 IST" name="setUp" finished-at="2024-02-05T16:39:42 IST" duration-ms="1798" status="PASS">
          <reporter-output>
          </reporter-output>
        </test-method> <!-- setUp -->
        <test-method signature="addToCartItems()[pri:0, instance:webautomation.testng.AddToItemTest@498d318c]" started-at="2024-02-05T16:39:42 IST" name="addToCartItems" finished-at="2024-02-05T16:39:42 IST" duration-ms="564" status="PASS">
          <reporter-output>
          </reporter-output>
        </test-method> <!-- addToCartItems -->
        <test-method is-config="true" signature="tearDown()[pri:0, instance:webautomation.testng.AddToItemTest@498d318c]" started-at="2024-02-05T16:39:42 IST" name="tearDown" finished-at="2024-02-05T16:39:42 IST" duration-ms="94" status="PASS">
          <reporter-output>
          </reporter-output>
        </test-method> <!-- tearDown -->
      </class> <!-- webautomation.testng.AddToItemTest -->
    </test> <!-- Default test -->
  </suite> <!-- Default suite -->
</testng-results>
